INFO:sim:172 - Generating IP...
Applying current project options...
Finished applying current project options.
WARNING:sim - Verilog simulation file type 'Behavioral' is not valid for this
   core. Overriding with simulation file type 'Structural'.
WARNING:sim - A core named 'Microblaze_Softcore' already exists in the project.
   Output products for this core may be overwritten.
Resolving generics for 'Microblaze_Softcore'...
WARNING:sim - Verilog simulation file type 'Behavioral' is not valid for this
   core. Overriding with simulation file type 'Structural'.
WARNING:sim - A core named 'Microblaze_Softcore' already exists in the project.
   Output products for this core may be overwritten.
Applying external generics to 'Microblaze_Softcore'...
Delivering associated files for 'Microblaze_Softcore'...
Generating implementation netlist for 'Microblaze_Softcore'...
INFO:sim - Pre-processing HDL files for 'Microblaze_Softcore'...
Running synthesis for 'Microblaze_Softcore'
Running ngcbuild...
Delivered 3 files into directory
R:/MQP/MQP_FPGA_Interface/ipcore_dir/tmp/_cg/Microblaze_Softcore
INFO:sim - Running microblaze_mcs_gen_script.tcl
INFO:sim - Please source the "microblaze_mcs_setup.tcl" script in the Tcl
   Console to complete MicroBlaze MCS core generation
Writing VEO instantiation template for 'Microblaze_Softcore'...
WARNING:sim - Verilog simulation file type 'Behavioral' is not valid for this
   core. Overriding with simulation file type 'Structural'.
Writing Verilog structural simulation model for 'Microblaze_Softcore'...
WARNING:sim - Verilog simulation file type 'Behavioral' is not valid for this
   core. Overriding with simulation file type 'Structural'.
INFO:sim - Running microblaze_mcs_sim_script.tcl
INFO:sim - C_MICROBLAZE_INSTANCE = Microblaze_Softcore
INFO:sim - Netlist filename = ./_cg/Microblaze_Softcore.v
INFO:sim - Setting INIT_FILE = "Microblaze_Softcore.lmb_bram_7.mem" for BRAM 7
INFO:sim - Setting INIT_FILE = "Microblaze_Softcore.lmb_bram_6.mem" for BRAM 6
INFO:sim - Setting INIT_FILE = "Microblaze_Softcore.lmb_bram_5.mem" for BRAM 5
INFO:sim - Setting INIT_FILE = "Microblaze_Softcore.lmb_bram_4.mem" for BRAM 4
INFO:sim - Setting INIT_FILE = "Microblaze_Softcore.lmb_bram_3.mem" for BRAM 3
INFO:sim - Setting INIT_FILE = "Microblaze_Softcore.lmb_bram_2.mem" for BRAM 2
INFO:sim - Setting INIT_FILE = "Microblaze_Softcore.lmb_bram_1.mem" for BRAM 1
INFO:sim - Setting INIT_FILE = "Microblaze_Softcore.lmb_bram_0.mem" for BRAM 0
Generating ASY schematic symbol...
INFO:sim:949 - Finished generation of ASY schematic symbol.
Generating SYM schematic symbol for 'Microblaze_Softcore'...
Regenerating ISE project file for 'Microblaze_Softcore'...
Generating README file...
Generating FLIST file...
INFO:sim:948 - Finished FLIST file generation.
Launching README viewer...
Moving files to output directory...
Finished moving files to output directory
Wrote CGP file for project 'Microblaze_Softcore'.
